This is XeTeX, Version 3.141592653-2.6-0.999997 (TeX Live 2025) (preloaded format=xelatex 2026.2.6)  30 APR 2026 18:21
entering extended mode
 restricted \write18 enabled.
 %&-line parsing enabled.
**xdupgthesis_template_lc.tex
(./xdupgthesis_template_lc.tex
LaTeX2e <2024-11-01> patch level 2
L3 programming layer <2025-01-18>
(./xdupgthesis.cls
(d:/my_app/texlive/2025/texmf-dist/tex/latex/l3kernel/expl3.sty
Package: expl3 2025-01-18 L3 programming layer (loader) 

(d:/my_app/texlive/2025/texmf-dist/tex/latex/l3backend/l3backend-xetex.def
File: l3backend-xetex.def 2024-05-08 L3 backend support: XeTeX
\g__graphics_track_int=\count192
\l__pdf_internal_box=\box52
\g__pdf_backend_annotation_int=\count193
\g__pdf_backend_link_int=\count194
))
Document Class: xdupgthesis 2025/05/04 v6.2.9.0 Xidian University Postgraduate 
Thesis document class
(d:/my_app/texlive/2025/texmf-dist/tex/latex/l3packages/xparse/xparse.sty
Package: xparse 2024-08-16 L3 Experimental document command parser
)
(d:/my_app/texlive/2025/texmf-dist/tex/latex/l3packages/l3keys2e/l3keys2e.sty
Package: l3keys2e 2024-08-16 LaTeX2e option processing using LaTeX3 keys
)
(d:/my_app/texlive/2025/texmf-dist/tex/latex/ctex/ctexbook.cls
(d:/my_app/texlive/2025/texmf-dist/tex/latex/ctex/config/ctexbackend.cfg
File: ctexbackend.cfg 2022/07/14 v2.5.10 Backend configuration file (CTEX)
)
Document Class: ctexbook 2022/07/14 v2.5.10 Chinese adapter for class book (CTE
X)
(d:/my_app/texlive/2025/texmf-dist/tex/latex/ctex/ctexhook.sty
Package: ctexhook 2022/07/14 v2.5.10 Document and package hooks (CTEX)
)
(d:/my_app/texlive/2025/texmf-dist/tex/latex/ctex/ctexpatch.sty
Package: ctexpatch 2022/07/14 v2.5.10 Patching commands (CTEX)
)
(d:/my_app/texlive/2025/texmf-dist/tex/latex/base/fix-cm.sty
Package: fix-cm 2020/11/24 v1.1t fixes to LaTeX

(d:/my_app/texlive/2025/texmf-dist/tex/latex/base/ts1enc.def
File: ts1enc.def 2001/06/05 v3.0e (jk/car/fm) Standard LaTeX file
LaTeX Font Info:    Redeclaring font encoding TS1 on input line 47.
))
\l__ctex_tmp_int=\count195
\l__ctex_tmp_box=\box53
\l__ctex_tmp_dim=\dimen141
\g__ctex_section_depth_int=\count196
\g__ctex_font_size_int=\count197

(d:/my_app/texlive/2025/texmf-dist/tex/latex/ctex/config/ctexopts.cfg
File: ctexopts.cfg 2022/07/14 v2.5.10 Option configuration file (CTEX)
)
(d:/my_app/texlive/2025/texmf-dist/tex/latex/base/book.cls
Document Class: book 2024/06/29 v1.4n Standard LaTeX document class
(d:/my_app/texlive/2025/texmf-dist/tex/latex/base/bk12.clo
File: bk12.clo 2024/06/29 v1.4n Standard LaTeX file (size option)
)
\c@part=\count198
\c@chapter=\count199
\c@section=\count266
\c@subsection=\count267
\c@subsubsection=\count268
\c@paragraph=\count269
\c@subparagraph=\count270
\c@figure=\count271
\c@table=\count272
\abovecaptionskip=\skip49
\belowcaptionskip=\skip50
\bibindent=\dimen142
)
(d:/my_app/texlive/2025/texmf-dist/tex/latex/ctex/engine/ctex-engine-xetex.def
File: ctex-engine-xetex.def 2022/07/14 v2.5.10 XeLaTeX adapter (CTEX)

(d:/my_app/texlive/2025/texmf-dist/tex/xelatex/xecjk/xeCJK.sty
Package: xeCJK 2022/08/05 v3.9.1 Typesetting CJK scripts with XeLaTeX

(d:/my_app/texlive/2025/texmf-dist/tex/latex/l3packages/xtemplate/xtemplate.sty
Package: xtemplate 2024-08-16 L3 Experimental prototype document functions
)
\l__xeCJK_tmp_int=\count273
\l__xeCJK_tmp_box=\box54
\l__xeCJK_tmp_dim=\dimen143
\l__xeCJK_tmp_skip=\skip51
\g__xeCJK_space_factor_int=\count274
\l__xeCJK_begin_int=\count275
\l__xeCJK_end_int=\count276
\c__xeCJK_CJK_class_int=\XeTeXcharclass1
\c__xeCJK_FullLeft_class_int=\XeTeXcharclass2
\c__xeCJK_FullRight_class_int=\XeTeXcharclass3
\c__xeCJK_HalfLeft_class_int=\XeTeXcharclass4
\c__xeCJK_HalfRight_class_int=\XeTeXcharclass5
\c__xeCJK_NormalSpace_class_int=\XeTeXcharclass6
\c__xeCJK_CM_class_int=\XeTeXcharclass7
\c__xeCJK_HangulJamo_class_int=\XeTeXcharclass8
\l__xeCJK_last_skip=\skip52
\c__xeCJK_none_node=\count277
\g__xeCJK_node_int=\count278
\c__xeCJK_CJK_node_dim=\dimen144
\c__xeCJK_CJK-space_node_dim=\dimen145
\c__xeCJK_default_node_dim=\dimen146
\c__xeCJK_CJK-widow_node_dim=\dimen147
\c__xeCJK_normalspace_node_dim=\dimen148
\c__xeCJK_default-space_node_skip=\skip53
\l__xeCJK_ccglue_skip=\skip54
\l__xeCJK_ecglue_skip=\skip55
\l__xeCJK_punct_kern_skip=\skip56
\l__xeCJK_indent_box=\box55
\l__xeCJK_last_penalty_int=\count279
\l__xeCJK_last_bound_dim=\dimen149
\l__xeCJK_last_kern_dim=\dimen150
\l__xeCJK_widow_penalty_int=\count280

LaTeX template Info: Declaring template type 'xeCJK/punctuation' taking 0
(template)           argument(s) on line 2396.

\l__xeCJK_fixed_punct_width_dim=\dimen151
\l__xeCJK_mixed_punct_width_dim=\dimen152
\l__xeCJK_middle_punct_width_dim=\dimen153
\l__xeCJK_fixed_margin_width_dim=\dimen154
\l__xeCJK_mixed_margin_width_dim=\dimen155
\l__xeCJK_middle_margin_width_dim=\dimen156
\l__xeCJK_bound_punct_width_dim=\dimen157
\l__xeCJK_bound_margin_width_dim=\dimen158
\l__xeCJK_margin_minimum_dim=\dimen159
\l__xeCJK_kerning_total_width_dim=\dimen160
\l__xeCJK_same_align_margin_dim=\dimen161
\l__xeCJK_different_align_margin_dim=\dimen162
\l__xeCJK_kerning_margin_width_dim=\dimen163
\l__xeCJK_kerning_margin_minimum_dim=\dimen164
\l__xeCJK_bound_dim=\dimen165
\l__xeCJK_reverse_bound_dim=\dimen166
\l__xeCJK_margin_dim=\dimen167
\l__xeCJK_minimum_bound_dim=\dimen168
\l__xeCJK_kerning_margin_dim=\dimen169
\g__xeCJK_family_int=\count281
\l__xeCJK_fam_int=\count282
\g__xeCJK_fam_allocation_int=\count283
\l__xeCJK_verb_case_int=\count284
\l__xeCJK_verb_exspace_skip=\skip57
 (d:/my_app/texlive/2025/texmf-dist/tex/latex/fontspec/fontspec.sty
Package: fontspec 2024/05/11 v2.9e Font selection for XeLaTeX and LuaLaTeX

(d:/my_app/texlive/2025/texmf-dist/tex/latex/fontspec/fontspec-xetex.sty
Package: fontspec-xetex 2024/05/11 v2.9e Font selection for XeLaTeX and LuaLaTe
X
\l__fontspec_script_int=\count285
\l__fontspec_language_int=\count286
\l__fontspec_strnum_int=\count287
\l__fontspec_tmp_int=\count288
\l__fontspec_tmpa_int=\count289
\l__fontspec_tmpb_int=\count290
\l__fontspec_tmpc_int=\count291
\l__fontspec_em_int=\count292
\l__fontspec_emdef_int=\count293
\l__fontspec_strong_int=\count294
\l__fontspec_strongdef_int=\count295
\l__fontspec_tmpa_dim=\dimen170
\l__fontspec_tmpb_dim=\dimen171
\l__fontspec_tmpc_dim=\dimen172

(d:/my_app/texlive/2025/texmf-dist/tex/latex/base/fontenc.sty
Package: fontenc 2021/04/29 v2.0v Standard LaTeX package
)
(d:/my_app/texlive/2025/texmf-dist/tex/latex/fontspec/fontspec.cfg)))
(d:/my_app/texlive/2025/texmf-dist/tex/xelatex/xecjk/xeCJK.cfg
File: xeCJK.cfg 2022/08/05 v3.9.1 Configuration file for xeCJK package
))
\ccwd=\dimen173
\l__ctex_ccglue_skip=\skip58
)
\l__ctex_ziju_dim=\dimen174

(d:/my_app/texlive/2025/texmf-dist/tex/latex/zhnumber/zhnumber.sty
Package: zhnumber 2022/07/14 v3.0 Typesetting numbers with Chinese glyphs
\l__zhnum_scale_int=\count296
\l__zhnum_tmp_int=\count297

(d:/my_app/texlive/2025/texmf-dist/tex/latex/zhnumber/zhnumber-utf8.cfg
File: zhnumber-utf8.cfg 2022/07/14 v3.0 Chinese numerals with UTF8 encoding
))
\l__ctex_heading_skip=\skip59

(d:/my_app/texlive/2025/texmf-dist/tex/latex/ctex/scheme/ctex-scheme-chinese-bo
ok.def
File: ctex-scheme-chinese-book.def 2022/07/14 v2.5.10 Chinese scheme for book (
CTEX)

(d:/my_app/texlive/2025/texmf-dist/tex/latex/ctex/config/ctex-name-utf8.cfg
File: ctex-name-utf8.cfg 2022/07/14 v2.5.10 Caption with encoding UTF-8 (CTEX)
))
(d:/my_app/texlive/2025/texmf-dist/tex/latex/ctex/ctex-cs4size.clo
File: ctex-cs4size.clo 2022/07/14 v2.5.10 cs4size option (CTEX)
))
(d:/my_app/texlive/2025/texmf-dist/tex/latex/ctex/config/ctex.cfg
File: ctex.cfg 2022/07/14 v2.5.10 Configuration file (CTEX)
)
(d:/my_app/texlive/2025/texmf-dist/tex/latex/geometry/geometry.sty
Package: geometry 2020/01/02 v5.9 Page Geometry

(d:/my_app/texlive/2025/texmf-dist/tex/latex/graphics/keyval.sty
Package: keyval 2022/05/29 v1.15 key=value parser (DPC)
\KV@toks@=\toks17
)
(d:/my_app/texlive/2025/texmf-dist/tex/generic/iftex/ifvtex.sty
Package: ifvtex 2019/10/25 v1.7 ifvtex legacy package. Use iftex instead.

(d:/my_app/texlive/2025/texmf-dist/tex/generic/iftex/iftex.sty
Package: iftex 2024/12/12 v1.0g TeX engine tests
))
\Gm@cnth=\count298
\Gm@cntv=\count299
\c@Gm@tempcnt=\count300
\Gm@bindingoffset=\dimen175
\Gm@wd@mp=\dimen176
\Gm@odd@mp=\dimen177
\Gm@even@mp=\dimen178
\Gm@layoutwidth=\dimen179
\Gm@layoutheight=\dimen180
\Gm@layouthoffset=\dimen181
\Gm@layoutvoffset=\dimen182
\Gm@dimlist=\toks18
)
(d:/my_app/texlive/2025/texmf-dist/tex/latex/fancyhdr/fancyhdr.sty
Package: fancyhdr 2025/02/07 v5.2 Extensive control of page headers and footers

\f@nch@headwidth=\skip60
\f@nch@offset@elh=\skip61
\f@nch@offset@erh=\skip62
\f@nch@offset@olh=\skip63
\f@nch@offset@orh=\skip64
\f@nch@offset@elf=\skip65
\f@nch@offset@erf=\skip66
\f@nch@offset@olf=\skip67
\f@nch@offset@orf=\skip68
\f@nch@height=\skip69
\f@nch@footalignment=\skip70
\f@nch@widthL=\skip71
\f@nch@widthC=\skip72
\f@nch@widthR=\skip73
\@temptokenb=\toks19
)
(d:/my_app/texlive/2025/texmf-dist/tex/xelatex/xecjk/xeCJKfntef.sty
Package: xeCJKfntef 2022/08/05 v3.9.1 xeCJK font effect

(d:/my_app/texlive/2025/texmf-dist/tex/generic/ulem/ulem.sty
\UL@box=\box56
\UL@hyphenbox=\box57
\UL@skip=\skip74
\UL@hook=\toks20
\UL@height=\dimen183
\UL@pe=\count301
\UL@pixel=\dimen184
\ULC@box=\box58
Package: ulem 2019/11/18
\ULdepth=\dimen185
)
\l__xeCJK_space_skip=\skip75
\c__xeCJK_ulem-begin_node_dim=\dimen186
\l__xeCJK_hidden_box=\box59
\l__xeCJK_fntef_box=\box60
\l__xeCJK_under_symbol_box=\box61
\c__xeCJK_filll_skip=\skip76
)
(d:/my_app/texlive/2025/texmf-dist/tex/latex/graphics/graphicx.sty
Package: graphicx 2021/09/16 v1.2d Enhanced LaTeX Graphics (DPC,SPQR)

(d:/my_app/texlive/2025/texmf-dist/tex/latex/graphics/graphics.sty
Package: graphics 2024/08/06 v1.4g Standard LaTeX Graphics (DPC,SPQR)

(d:/my_app/texlive/2025/texmf-dist/tex/latex/graphics/trig.sty
Package: trig 2023/12/02 v1.11 sin cos tan (DPC)
)
(d:/my_app/texlive/2025/texmf-dist/tex/latex/graphics-cfg/graphics.cfg
File: graphics.cfg 2016/06/04 v1.11 sample graphics configuration
)
Package graphics Info: Driver file: xetex.def on input line 106.

(d:/my_app/texlive/2025/texmf-dist/tex/latex/graphics-def/xetex.def
File: xetex.def 2022/09/22 v5.0n Graphics/color driver for xetex
))
\Gin@req@height=\dimen187
\Gin@req@width=\dimen188
)
\l__xdu_str_dim=\dimen189
\l__xdu_str_box=\box62
*geometry* verbose mode - [ newgeometry ] result:
* driver: 
* paper: a4paper
* layout: <same size as paper>
* layoutoffset:(h,v)=(0.0pt,0.0pt)
* bindingoffset: 14.22636pt
* modes: twoside 
* h-part:(L,W,R)=(71.13188pt, 441.01775pt, 71.13188pt)
* v-part:(T,H,B)=(89.34163pt, 684.57333pt, 71.13188pt)
* \paperwidth=597.50787pt
* \paperheight=845.04684pt
* \textwidth=441.01775pt
* \textheight=684.57333pt
* \oddsidemargin=13.08826pt
* \evensidemargin=-1.1381pt
* \topmargin=-52.92836pt
* \headheight=60.0pt
* \headsep=10.0pt
* \topskip=12.0pt
* \footskip=21.33955pt
* \marginparwidth=88.0pt
* \marginparsep=7.0pt
* \columnsep=10.0pt
* \skip\footins=10.8pt plus 4.0pt minus 2.0pt
* \hoffset=0.0pt
* \voffset=0.0pt
* \mag=1000
* \@twocolumnfalse
* \@twosidetrue
* \@mparswitchtrue
* \@reversemarginfalse
* (1in=72.27pt=25.4mm, 1cm=28.453pt)

*geometry* verbose mode - [ newgeometry ] result:
* driver: 
* paper: a4paper
* layout: <same size as paper>
* layoutoffset:(h,v)=(0.0pt,0.0pt)
* modes: twoside 
* h-part:(L,W,R)=(78.24507pt, 441.01773pt, 78.24507pt)
* v-part:(T,H,B)=(89.34163pt, 684.57333pt, 71.13188pt)
* \paperwidth=597.50787pt
* \paperheight=845.04684pt
* \textwidth=441.01773pt
* \textheight=684.57333pt
* \oddsidemargin=5.97508pt
* \evensidemargin=5.97508pt
* \topmargin=-52.92836pt
* \headheight=60.0pt
* \headsep=10.0pt
* \topskip=12.0pt
* \footskip=21.33955pt
* \marginparwidth=88.0pt
* \marginparsep=7.0pt
* \columnsep=10.0pt
* \skip\footins=10.8pt plus 4.0pt minus 2.0pt
* \hoffset=0.0pt
* \voffset=0.0pt
* \mag=1000
* \@twocolumnfalse
* \@twosidetrue
* \@mparswitchtrue
* \@reversemarginfalse
* (1in=72.27pt=25.4mm, 1cm=28.453pt)

*geometry* verbose mode - [ newgeometry ] result:
* driver: 
* paper: a4paper
* layout: <same size as paper>
* layoutoffset:(h,v)=(0.0pt,0.0pt)
* modes: twoside 
* h-part:(L,W,R)=(85.35826pt, 441.01773pt, 71.13188pt)
* v-part:(T,H,B)=(85.35826pt, 731.23584pt, 28.45274pt)
* \paperwidth=597.50787pt
* \paperheight=845.04684pt
* \textwidth=441.01773pt
* \textheight=731.23584pt
* \oddsidemargin=13.08827pt
* \evensidemargin=-1.1381pt
* \topmargin=-18.78552pt
* \headheight=12.0pt
* \headsep=19.8738pt
* \topskip=12.0pt
* \footskip=30.0pt
* \marginparwidth=88.0pt
* \marginparsep=7.0pt
* \columnsep=10.0pt
* \skip\footins=10.8pt plus 4.0pt minus 2.0pt
* \hoffset=0.0pt
* \voffset=0.0pt
* \mag=1000
* \@twocolumnfalse
* \@twosidetrue
* \@mparswitchtrue
* \@reversemarginfalse
* (1in=72.27pt=25.4mm, 1cm=28.453pt)

*geometry* verbose mode - [ newgeometry ] result:
* driver: 
* paper: a4paper
* layout: <same size as paper>
* layoutoffset:(h,v)=(0.0pt,0.0pt)
* modes: twoside 
* h-part:(L,W,R)=(0.0pt, 597.50787pt, 0.0pt)
* v-part:(T,H,B)=(0.0pt, 845.04684pt, 0.0pt)
* \paperwidth=597.50787pt
* \paperheight=845.04684pt
* \textwidth=597.50787pt
* \textheight=845.04684pt
* \oddsidemargin=-72.26999pt
* \evensidemargin=-72.26999pt
* \topmargin=-104.14378pt
* \headheight=12.0pt
* \headsep=19.8738pt
* \topskip=12.0pt
* \footskip=30.0pt
* \marginparwidth=88.0pt
* \marginparsep=7.0pt
* \columnsep=10.0pt
* \skip\footins=10.8pt plus 4.0pt minus 2.0pt
* \hoffset=0.0pt
* \voffset=0.0pt
* \mag=1000
* \@twocolumnfalse
* \@twosidetrue
* \@mparswitchtrue
* \@reversemarginfalse
* (1in=72.27pt=25.4mm, 1cm=28.453pt)


(d:/my_app/texlive/2025/texmf-dist/tex/latex/tocloft/tocloft.sty
Package: tocloft 2017/08/31 v2.3i parameterised ToC, etc., typesetting
Package tocloft Info: The document has chapter divisions on input line 51.
\cftparskip=\skip77
\cftbeforetoctitleskip=\skip78
\cftaftertoctitleskip=\skip79
\cftbeforepartskip=\skip80
\cftpartnumwidth=\skip81
\cftpartindent=\skip82
\cftbeforechapskip=\skip83
\cftchapindent=\skip84
\cftchapnumwidth=\skip85
\cftbeforesecskip=\skip86
\cftsecindent=\skip87
\cftsecnumwidth=\skip88
\cftbeforesubsecskip=\skip89
\cftsubsecindent=\skip90
\cftsubsecnumwidth=\skip91
\cftbeforesubsubsecskip=\skip92
\cftsubsubsecindent=\skip93
\cftsubsubsecnumwidth=\skip94
\cftbeforeparaskip=\skip95
\cftparaindent=\skip96
\cftparanumwidth=\skip97
\cftbeforesubparaskip=\skip98
\cftsubparaindent=\skip99
\cftsubparanumwidth=\skip100
\cftbeforeloftitleskip=\skip101
\cftafterloftitleskip=\skip102
\cftbeforefigskip=\skip103
\cftfigindent=\skip104
\cftfignumwidth=\skip105
\c@lofdepth=\count302
\c@lotdepth=\count303
\cftbeforelottitleskip=\skip106
\cftafterlottitleskip=\skip107
\cftbeforetabskip=\skip108
\cfttabindent=\skip109
\cfttabnumwidth=\skip110
)
(d:/my_app/texlive/2025/texmf-dist/tex/latex/caption/caption.sty
Package: caption 2023/08/05 v3.6o Customizing captions (AR)

(d:/my_app/texlive/2025/texmf-dist/tex/latex/caption/caption3.sty
Package: caption3 2023/07/31 v2.4d caption3 kernel (AR)
\caption@tempdima=\dimen190
\captionmargin=\dimen191
\caption@leftmargin=\dimen192
\caption@rightmargin=\dimen193
\caption@width=\dimen194
\caption@indent=\dimen195
\caption@parindent=\dimen196
\caption@hangindent=\dimen197
Package caption Info: Standard document class detected.
)
\c@caption@flags=\count304
\c@continuedfloat=\count305
)
(d:/my_app/texlive/2025/texmf-dist/tex/latex/hyperref/hyperref.sty
Package: hyperref 2024-11-05 v7.01l Hypertext links for LaTeX

(d:/my_app/texlive/2025/texmf-dist/tex/latex/kvsetkeys/kvsetkeys.sty
Package: kvsetkeys 2022-10-05 v1.19 Key value parser (HO)
)
(d:/my_app/texlive/2025/texmf-dist/tex/generic/kvdefinekeys/kvdefinekeys.sty
Package: kvdefinekeys 2019-12-19 v1.6 Define keys (HO)
)
(d:/my_app/texlive/2025/texmf-dist/tex/generic/pdfescape/pdfescape.sty
Package: pdfescape 2019/12/09 v1.15 Implements pdfTeX's escape features (HO)

(d:/my_app/texlive/2025/texmf-dist/tex/generic/ltxcmds/ltxcmds.sty
Package: ltxcmds 2023-12-04 v1.26 LaTeX kernel commands for general use (HO)
)
(d:/my_app/texlive/2025/texmf-dist/tex/generic/pdftexcmds/pdftexcmds.sty
Package: pdftexcmds 2020-06-27 v0.33 Utility functions of pdfTeX for LuaTeX (HO
)

(d:/my_app/texlive/2025/texmf-dist/tex/generic/infwarerr/infwarerr.sty
Package: infwarerr 2019/12/03 v1.5 Providing info/warning/error messages (HO)
)
Package pdftexcmds Info: \pdf@primitive is available.
Package pdftexcmds Info: \pdf@ifprimitive is available.
Package pdftexcmds Info: \pdfdraftmode not found.
))
(d:/my_app/texlive/2025/texmf-dist/tex/latex/hycolor/hycolor.sty
Package: hycolor 2020-01-27 v1.10 Color options for hyperref/bookmark (HO)
)
(d:/my_app/texlive/2025/texmf-dist/tex/latex/hyperref/nameref.sty
Package: nameref 2023-11-26 v2.56 Cross-referencing by name of section

(d:/my_app/texlive/2025/texmf-dist/tex/latex/refcount/refcount.sty
Package: refcount 2019/12/15 v3.6 Data extraction from label references (HO)
)
(d:/my_app/texlive/2025/texmf-dist/tex/generic/gettitlestring/gettitlestring.st
y
Package: gettitlestring 2019/12/15 v1.6 Cleanup title references (HO)
 (d:/my_app/texlive/2025/texmf-dist/tex/latex/kvoptions/kvoptions.sty
Package: kvoptions 2022-06-15 v3.15 Key value format for package options (HO)
))
\c@section@level=\count306
)
(d:/my_app/texlive/2025/texmf-dist/tex/latex/etoolbox/etoolbox.sty
Package: etoolbox 2025/02/11 v2.5l e-TeX tools for LaTeX (JAW)
\etb@tempcnta=\count307
)
(d:/my_app/texlive/2025/texmf-dist/tex/generic/stringenc/stringenc.sty
Package: stringenc 2019/11/29 v1.12 Convert strings between diff. encodings (HO
)
)
\@linkdim=\dimen198
\Hy@linkcounter=\count308
\Hy@pagecounter=\count309

(d:/my_app/texlive/2025/texmf-dist/tex/latex/hyperref/pd1enc.def
File: pd1enc.def 2024-11-05 v7.01l Hyperref: PDFDocEncoding definition (HO)
)
(d:/my_app/texlive/2025/texmf-dist/tex/generic/intcalc/intcalc.sty
Package: intcalc 2019/12/15 v1.3 Expandable calculations with integers (HO)
)
\Hy@SavedSpaceFactor=\count310

(d:/my_app/texlive/2025/texmf-dist/tex/latex/hyperref/puenc.def
File: puenc.def 2024-11-05 v7.01l Hyperref: PDF Unicode definition (HO)
)
Package hyperref Info: Option `unicode' set `true' on input line 4040.
Package hyperref Info: Hyper figures OFF on input line 4157.
Package hyperref Info: Link nesting OFF on input line 4162.
Package hyperref Info: Hyper index ON on input line 4165.
Package hyperref Info: Plain pages OFF on input line 4172.
Package hyperref Info: Backreferencing OFF on input line 4177.
Package hyperref Info: Implicit mode ON; LaTeX internals redefined.
Package hyperref Info: Bookmarks ON on input line 4424.
\c@Hy@tempcnt=\count311

(d:/my_app/texlive/2025/texmf-dist/tex/latex/url/url.sty
\Urlmuskip=\muskip17
Package: url 2013/09/16  ver 3.4  Verb mode for urls, etc.
)
LaTeX Info: Redefining \url on input line 4763.
\XeTeXLinkMargin=\dimen199

(d:/my_app/texlive/2025/texmf-dist/tex/generic/bitset/bitset.sty
Package: bitset 2019/12/09 v1.3 Handle bit-vector datatype (HO)

(d:/my_app/texlive/2025/texmf-dist/tex/generic/bigintcalc/bigintcalc.sty
Package: bigintcalc 2019/12/15 v1.5 Expandable calculations on big integers (HO
)
))
\Fld@menulength=\count312
\Field@Width=\dimen256
\Fld@charsize=\dimen257
Package hyperref Info: Hyper figures OFF on input line 6042.
Package hyperref Info: Link nesting OFF on input line 6047.
Package hyperref Info: Hyper index ON on input line 6050.
Package hyperref Info: backreferencing OFF on input line 6057.
Package hyperref Info: Link coloring OFF on input line 6062.
Package hyperref Info: Link coloring with OCG OFF on input line 6067.
Package hyperref Info: PDF/A mode OFF on input line 6072.

(d:/my_app/texlive/2025/texmf-dist/tex/latex/base/atbegshi-ltx.sty
Package: atbegshi-ltx 2021/01/10 v1.0c Emulation of the original atbegshi
package with kernel methods
)
\Hy@abspage=\count313
\c@Item=\count314
\c@Hfootnote=\count315
)
Package hyperref Info: Driver (autodetected): hxetex.

(d:/my_app/texlive/2025/texmf-dist/tex/latex/hyperref/hxetex.def
File: hxetex.def 2024-11-05 v7.01l Hyperref driver for XeTeX
\pdfm@box=\box63
\c@Hy@AnnotLevel=\count316
\HyField@AnnotCount=\count317
\Fld@listcount=\count318
\c@bookmark@seq@number=\count319

(d:/my_app/texlive/2025/texmf-dist/tex/latex/rerunfilecheck/rerunfilecheck.sty
Package: rerunfilecheck 2022-07-10 v1.10 Rerun checks for auxiliary files (HO)

(d:/my_app/texlive/2025/texmf-dist/tex/latex/base/atveryend-ltx.sty
Package: atveryend-ltx 2020/08/19 v1.0a Emulation of the original atveryend pac
kage
with kernel methods
)
(d:/my_app/texlive/2025/texmf-dist/tex/generic/uniquecounter/uniquecounter.sty
Package: uniquecounter 2019/12/15 v1.4 Provide unlimited unique counter (HO)
)
Package uniquecounter Info: New unique counter `rerunfilecheck' on input line 2
85.
)
\Hy@SectionHShift=\skip111
)
Package hyperref Info: Option `bookmarksnumbered' set `true' on input line 1696
.
\l__xdu_supv_dim=\dimen258
\l__xdu_supv_max_dim=\dimen259
\l__xdu_supv_box=\box64
\l__xdu_supv_t_dim=\dimen260
\l__xdu_supv_t_max_dim=\dimen261
\l__xdu_supv_t_box=\box65
\l__xdu_losa_add_skip_dim=\dimen262
) (d:/my_app/texlive/2025/texmf-dist/tex/latex/mwe/mwe.sty
Package: mwe 2018/03/30 v0.5 Package to support minimal working examples (MWE)

(d:/my_app/texlive/2025/texmf-dist/tex/latex/lipsum/lipsum.sty
Package: lipsum 2021-09-20 v2.7 150 paragraphs of Lorem Ipsum dummy text
\g__lipsum_par_int=\count320
\l__lipsum_a_int=\count321
\l__lipsum_b_int=\count322

(d:/my_app/texlive/2025/texmf-dist/tex/latex/lipsum/lipsum.ltd.tex))
(d:/my_app/texlive/2025/texmf-dist/tex/latex/blindtext/blindtext.sty
Package: blindtext 2012/01/06 V2.0 blindtext-Package

(d:/my_app/texlive/2025/texmf-dist/tex/latex/tools/xspace.sty
Package: xspace 2014/10/28 v1.13 Space after command names (DPC,MH)
)
\c@blindtext=\count323
\c@Blindtext=\count324
\c@blind@countparstart=\count325
\blind@countxx=\count326
\blindtext@numBlindtext=\count327
\blind@countyy=\count328
\c@blindlist=\count329
\c@blindlistlevel=\count330
\c@blindlist@level=\count331
\blind@listitem=\count332
\c@blind@listcount=\count333
\c@blind@levelcount=\count334
\blind@mathformula=\count335
\blind@Mathformula=\count336
\c@blind@randomcount=\count337
\c@blind@randommax=\count338
\c@blind@pangramcount=\count339
\c@blind@pangrammax=\count340
))
(d:/my_app/texlive/2025/texmf-dist/tex/latex/amsmath/amsmath.sty
Package: amsmath 2024/11/05 v2.17t AMS math features
\@mathmargin=\skip112

For additional information on amsmath, use the `?' option.
(d:/my_app/texlive/2025/texmf-dist/tex/latex/amsmath/amstext.sty
Package: amstext 2021/08/26 v2.01 AMS text

(d:/my_app/texlive/2025/texmf-dist/tex/latex/amsmath/amsgen.sty
File: amsgen.sty 1999/11/30 v2.0 generic functions
\@emptytoks=\toks21
\ex@=\dimen263
))
(d:/my_app/texlive/2025/texmf-dist/tex/latex/amsmath/amsbsy.sty
Package: amsbsy 1999/11/29 v1.2d Bold Symbols
\pmbraise@=\dimen264
)
(d:/my_app/texlive/2025/texmf-dist/tex/latex/amsmath/amsopn.sty
Package: amsopn 2022/04/08 v2.04 operator names
)
\inf@bad=\count341
LaTeX Info: Redefining \frac on input line 233.
\uproot@=\count342
\leftroot@=\count343
LaTeX Info: Redefining \overline on input line 398.
LaTeX Info: Redefining \colon on input line 409.
\classnum@=\count344
\DOTSCASE@=\count345
LaTeX Info: Redefining \ldots on input line 495.
LaTeX Info: Redefining \dots on input line 498.
LaTeX Info: Redefining \cdots on input line 619.
\Mathstrutbox@=\box66
\strutbox@=\box67
LaTeX Info: Redefining \big on input line 721.
LaTeX Info: Redefining \Big on input line 722.
LaTeX Info: Redefining \bigg on input line 723.
LaTeX Info: Redefining \Bigg on input line 724.
\big@size=\dimen265
LaTeX Font Info:    Redeclaring font encoding OML on input line 742.
LaTeX Font Info:    Redeclaring font encoding OMS on input line 743.
\macc@depth=\count346
LaTeX Info: Redefining \bmod on input line 904.
LaTeX Info: Redefining \pmod on input line 909.
LaTeX Info: Redefining \smash on input line 939.
LaTeX Info: Redefining \relbar on input line 969.
LaTeX Info: Redefining \Relbar on input line 970.
\c@MaxMatrixCols=\count347
\dotsspace@=\muskip18
\c@parentequation=\count348
\dspbrk@lvl=\count349
\tag@help=\toks22
\row@=\count350
\column@=\count351
\maxfields@=\count352
\andhelp@=\toks23
\eqnshift@=\dimen266
\alignsep@=\dimen267
\tagshift@=\dimen268
\tagwidth@=\dimen269
\totwidth@=\dimen270
\lineht@=\dimen271
\@envbody=\toks24
\multlinegap=\skip113
\multlinetaggap=\skip114
\mathdisplay@stack=\toks25
LaTeX Info: Redefining \[ on input line 2953.
LaTeX Info: Redefining \] on input line 2954.
)
(d:/my_app/texlive/2025/texmf-dist/tex/latex/amsfonts/amsfonts.sty
Package: amsfonts 2013/01/14 v3.01 Basic AMSFonts support
\symAMSa=\mathgroup4
\symAMSb=\mathgroup5
LaTeX Font Info:    Redeclaring math symbol \hbar on input line 98.
LaTeX Font Info:    Overwriting math alphabet `\mathfrak' in version `bold'
(Font)                  U/euf/m/n --> U/euf/b/n on input line 106.
)
(d:/my_app/texlive/2025/texmf-dist/tex/latex/amsfonts/amssymb.sty
Package: amssymb 2013/01/14 v3.01 AMS font symbols
)
(d:/my_app/texlive/2025/texmf-dist/tex/latex/booktabs/booktabs.sty
Package: booktabs 2020/01/12 v1.61803398 Publication quality tables
\heavyrulewidth=\dimen272
\lightrulewidth=\dimen273
\cmidrulewidth=\dimen274
\belowrulesep=\dimen275
\belowbottomsep=\dimen276
\aboverulesep=\dimen277
\abovetopsep=\dimen278
\cmidrulesep=\dimen279
\cmidrulekern=\dimen280
\defaultaddspace=\dimen281
\@cmidla=\count353
\@cmidlb=\count354
\@aboverulesep=\dimen282
\@belowrulesep=\dimen283
\@thisruleclass=\count355
\@lastruleclass=\count356
\@thisrulewidth=\dimen284
)
(d:/my_app/texlive/2025/texmf-dist/tex/latex/multirow/multirow.sty
Package: multirow 2024/11/12 v2.9 Span multiple rows of a table
\multirow@colwidth=\skip115
\multirow@cntb=\count357
\multirow@dima=\skip116
\bigstrutjot=\dimen285
)
(d:/my_app/texlive/2025/texmf-dist/tex/latex/makecell/makecell.sty
Package: makecell 2009/08/03 V0.1e Managing of Tab Column Heads and Cells

(d:/my_app/texlive/2025/texmf-dist/tex/latex/tools/array.sty
Package: array 2024/10/17 v2.6g Tabular extension package (FMi)
\col@sep=\dimen286
\ar@mcellbox=\box68
\extrarowheight=\dimen287
\NC@list=\toks26
\extratabsurround=\skip117
\backup@length=\skip118
\ar@cellbox=\box69
)
\rotheadsize=\dimen288
\c@nlinenum=\count358
\TeXr@lab=\toks27
)
(d:/my_app/texlive/2025/texmf-dist/tex/latex/tools/tabularx.sty
Package: tabularx 2023/12/11 v2.12a `tabularx' package (DPC)
\TX@col@width=\dimen289
\TX@old@table=\dimen290
\TX@old@col=\dimen291
\TX@target=\dimen292
\TX@delta=\dimen293
\TX@cols=\count359
\TX@ftn=\toks28
)
(d:/my_app/texlive/2025/texmf-dist/tex/latex/threeparttable/threeparttable.sty
Package: threeparttable 2003/06/13  v 3.0
\@tempboxb=\box70
) (d:/my_app/texlive/2025/texmf-dist/tex/latex/caption/subcaption.sty
Package: subcaption 2023/07/28 v1.6b Sub-captions (AR)
Package caption Info: New subtype `subfigure' on input line 238.
\c@subfigure=\count360
Package caption Info: New subtype `subtable' on input line 238.
\c@subtable=\count361
)
(d:/my_app/texlive/2025/texmf-dist/tex/latex/placeins/placeins.sty
Package: placeins 2005/04/18  v 2.2
)
(d:/my_app/texlive/2025/texmf-dist/tex/latex/xcolor/xcolor.sty
Package: xcolor 2024/09/29 v3.02 LaTeX color extensions (UK)

(d:/my_app/texlive/2025/texmf-dist/tex/latex/graphics-cfg/color.cfg
File: color.cfg 2016/01/02 v1.6 sample color configuration
)
Package xcolor Info: Driver file: xetex.def on input line 274.

(d:/my_app/texlive/2025/texmf-dist/tex/latex/graphics/mathcolor.ltx)
Package xcolor Info: Model `cmy' substituted by `cmy0' on input line 1349.
Package xcolor Info: Model `RGB' extended on input line 1365.
Package xcolor Info: Model `HTML' substituted by `rgb' on input line 1367.
Package xcolor Info: Model `Hsb' substituted by `hsb' on input line 1368.
Package xcolor Info: Model `tHsb' substituted by `hsb' on input line 1369.
Package xcolor Info: Model `HSB' substituted by `hsb' on input line 1370.
Package xcolor Info: Model `Gray' substituted by `gray' on input line 1371.
Package xcolor Info: Model `wave' substituted by `hsb' on input line 1372.
)
(d:/my_app/texlive/2025/texmf-dist/tex/latex/psnfss/pifont.sty
Package: pifont 2020/03/25 PSNFSS-v9.3 Pi font support (SPQR) 
LaTeX Font Info:    Trying to load font information for U+pzd on input line 63.


(d:/my_app/texlive/2025/texmf-dist/tex/latex/psnfss/upzd.fd
File: upzd.fd 2001/06/04 font definitions for U/pzd.
)
LaTeX Font Info:    Trying to load font information for U+psy on input line 64.


(d:/my_app/texlive/2025/texmf-dist/tex/latex/psnfss/upsy.fd
File: upsy.fd 2001/06/04 font definitions for U/psy.
))
(d:/my_app/texlive/2025/texmf-dist/tex/latex/enumitem/enumitem.sty
Package: enumitem 2025/02/06 v3.11 Customized lists
\labelindent=\skip119
\enit@outerparindent=\dimen294
\enit@toks=\toks29
\enit@inbox=\box71
\enit@count@id=\count362
\enitdp@description=\count363
)
(d:/my_app/texlive/2025/texmf-dist/tex/latex/base/flafter.sty
Package: flafter 2021/07/31 v1.4e Standard LaTeX floats after reference (FMi)
Applying: [2015/01/01] float order in 2-column on input line 49.
Already applied: [0000/00/00] float order in 2-column on input line 151.
)
(d:/my_app/texlive/2025/texmf-dist/tex/latex/float/float.sty
Package: float 2001/11/08 v1.3d Float enhancements (AL)
\c@float@type=\count364
\float@exts=\toks30
\float@box=\box72
\@float@everytoks=\toks31
\@floatcapt=\box73
)
(d:/my_app/texlive/2025/texmf-dist/tex/latex/cleveref/cleveref.sty
Package: cleveref 2018/03/27 v0.21.4 Intelligent cross-referencing
Package cleveref Info: `hyperref' support loaded on input line 2370.
LaTeX Info: Redefining \cref on input line 2370.
LaTeX Info: Redefining \Cref on input line 2370.
LaTeX Info: Redefining \crefrange on input line 2370.
LaTeX Info: Redefining \Crefrange on input line 2370.
LaTeX Info: Redefining \cpageref on input line 2370.
LaTeX Info: Redefining \Cpageref on input line 2370.
LaTeX Info: Redefining \cpagerefrange on input line 2370.
LaTeX Info: Redefining \Cpagerefrange on input line 2370.
LaTeX Info: Redefining \labelcref on input line 2370.
LaTeX Info: Redefining \labelcpageref on input line 2370.
)
(d:/my_app/texlive/2025/texmf-dist/tex/latex/biblatex/biblatex.sty
Package: biblatex 2024/03/21 v3.20 programmable bibliographies (PK/MW)

(d:/my_app/texlive/2025/texmf-dist/tex/latex/logreq/logreq.sty
Package: logreq 2010/08/04 v1.0 xml request logger
\lrq@indent=\count365

(d:/my_app/texlive/2025/texmf-dist/tex/latex/logreq/logreq.def
File: logreq.def 2010/08/04 v1.0 logreq spec v1.0
))
(d:/my_app/texlive/2025/texmf-dist/tex/latex/base/ifthen.sty
Package: ifthen 2024/03/16 v1.1e Standard LaTeX ifthen package (DPC)
)
\c@tabx@nest=\count366
\c@listtotal=\count367
\c@listcount=\count368
\c@liststart=\count369
\c@liststop=\count370
\c@citecount=\count371
\c@citetotal=\count372
\c@multicitecount=\count373
\c@multicitetotal=\count374
\c@instcount=\count375
\c@maxnames=\count376
\c@minnames=\count377
\c@maxitems=\count378
\c@minitems=\count379
\c@citecounter=\count380
\c@maxcitecounter=\count381
\c@savedcitecounter=\count382
\c@uniquelist=\count383
\c@uniquename=\count384
\c@refsection=\count385
\c@refsegment=\count386
\c@maxextratitle=\count387
\c@maxextratitleyear=\count388
\c@maxextraname=\count389
\c@maxextradate=\count390
\c@maxextraalpha=\count391
\c@abbrvpenalty=\count392
\c@highnamepenalty=\count393
\c@lownamepenalty=\count394
\c@maxparens=\count395
\c@parenlevel=\count396
\blx@tempcnta=\count397
\blx@tempcntb=\count398
\blx@tempcntc=\count399
\c@blx@maxsection=\count400
\blx@maxsegment@0=\count401
\blx@notetype=\count402
\blx@parenlevel@text=\count403
\blx@parenlevel@foot=\count404
\blx@sectionciteorder@0=\count405
\blx@sectionciteorderinternal@0=\count406
\blx@entrysetcounter=\count407
\blx@biblioinstance=\count408
\labelnumberwidth=\skip120
\labelalphawidth=\skip121
\biblabelsep=\skip122
\bibitemsep=\skip123
\bibnamesep=\skip124
\bibinitsep=\skip125
\bibparsep=\skip126
\bibhang=\skip127
\blx@bcfin=\read2
\blx@bcfout=\write3
\blx@langwohyphens=\language90
\c@mincomprange=\count409
\c@maxcomprange=\count410
\c@mincompwidth=\count411
Package biblatex Info: Trying to load biblatex default data model...
Package biblatex Info: ... file 'blx-dm.def' found.

(d:/my_app/texlive/2025/texmf-dist/tex/latex/biblatex/blx-dm.def
File: blx-dm.def 2024/03/21 v3.20 biblatex datamodel (PK/MW)
)
Package biblatex Info: Trying to load biblatex style data model...
Package biblatex Info: ... file 'gb7714-2015.dbx' not found.
Package biblatex Info: Trying to load biblatex custom data model...
Package biblatex Info: ... file 'biblatex-dm.cfg' not found.
\c@afterword=\count412
\c@savedafterword=\count413
\c@annotator=\count414
\c@savedannotator=\count415
\c@author=\count416
\c@savedauthor=\count417
\c@bookauthor=\count418
\c@savedbookauthor=\count419
\c@commentator=\count420
\c@savedcommentator=\count421
\c@editor=\count422
\c@savededitor=\count423
\c@editora=\count424
\c@savededitora=\count425
\c@editorb=\count426
\c@savededitorb=\count427
\c@editorc=\count428
\c@savededitorc=\count429
\c@foreword=\count430
\c@savedforeword=\count431
\c@holder=\count432
\c@savedholder=\count433
\c@introduction=\count434
\c@savedintroduction=\count435
\c@namea=\count436
\c@savednamea=\count437
\c@nameb=\count438
\c@savednameb=\count439
\c@namec=\count440
\c@savednamec=\count441
\c@translator=\count442
\c@savedtranslator=\count443
\c@shortauthor=\count444
\c@savedshortauthor=\count445
\c@shorteditor=\count446
\c@savedshorteditor=\count447
\c@labelname=\count448
\c@savedlabelname=\count449
\c@institution=\count450
\c@savedinstitution=\count451
\c@lista=\count452
\c@savedlista=\count453
\c@listb=\count454
\c@savedlistb=\count455
\c@listc=\count456
\c@savedlistc=\count457
\c@listd=\count458
\c@savedlistd=\count459
\c@liste=\count460
\c@savedliste=\count461
\c@listf=\count462
\c@savedlistf=\count463
\c@location=\count464
\c@savedlocation=\count465
\c@organization=\count466
\c@savedorganization=\count467
\c@origlocation=\count468
\c@savedoriglocation=\count469
\c@origpublisher=\count470
\c@savedorigpublisher=\count471
\c@publisher=\count472
\c@savedpublisher=\count473
\c@language=\count474
\c@savedlanguage=\count475
\c@origlanguage=\count476
\c@savedoriglanguage=\count477
\c@pageref=\count478
\c@savedpageref=\count479
\shorthandwidth=\skip128
\shortjournalwidth=\skip129
\shortserieswidth=\skip130
\shorttitlewidth=\skip131
\shortauthorwidth=\skip132
\shorteditorwidth=\skip133
\locallabelnumberwidth=\skip134
\locallabelalphawidth=\skip135
\localshorthandwidth=\skip136
\localshortjournalwidth=\skip137
\localshortserieswidth=\skip138
\localshorttitlewidth=\skip139
\localshortauthorwidth=\skip140
\localshorteditorwidth=\skip141
Package biblatex Info: Trying to load enhanced support for Unicode engines...
Package biblatex Info: ... file 'blx-unicode.def' found.

(d:/my_app/texlive/2025/texmf-dist/tex/latex/biblatex/blx-unicode.def)
Package biblatex Info: Trying to load compatibility code...
Package biblatex Info: ... file 'blx-compat.def' found.

(d:/my_app/texlive/2025/texmf-dist/tex/latex/biblatex/blx-compat.def
File: blx-compat.def 2024/03/21 v3.20 biblatex compatibility (PK/MW)
)
Package biblatex Info: Trying to load generic definitions...
Package biblatex Info: ... file 'biblatex.def' found.

(d:/my_app/texlive/2025/texmf-dist/tex/latex/biblatex/biblatex.def
File: biblatex.def 2024/03/21 v3.20 biblatex compatibility (PK/MW)
\c@textcitecount=\count480
\c@textcitetotal=\count481
\c@textcitemaxnames=\count482
\c@biburlbigbreakpenalty=\count483
\c@biburlbreakpenalty=\count484
\c@biburlnumpenalty=\count485
\c@biburlucpenalty=\count486
\c@biburllcpenalty=\count487
\biburlbigskip=\muskip19
\biburlnumskip=\muskip20
\biburlucskip=\muskip21
\biburllcskip=\muskip22
\c@smartand=\count488
)
Package biblatex Info: Trying to load bibliography style 'gb7714-2015'...
Package biblatex Info: ... file 'gb7714-2015.bbx' found.

(d:/my_app/texlive/2025/texmf-dist/tex/latex/biblatex-gb7714-2015/gb7714-2015.b
bx
File: gb7714-2015.bbx 2025/03/03 v1.1tbiblatex bibliography style
Package biblatex Info: Trying to load bibliography style 'numeric-comp'...
Package biblatex Info: ... file 'numeric-comp.bbx' found.
 (d:/my_app/texlive/2025/texmf-dist/tex/latex/biblatex/bbx/numeric-comp.bbx
File: numeric-comp.bbx 2024/03/21 v3.20 biblatex bibliography style (PK/MW)
Package biblatex Info: Trying to load bibliography style 'numeric'...
Package biblatex Info: ... file 'numeric.bbx' found.

(d:/my_app/texlive/2025/texmf-dist/tex/latex/biblatex/bbx/numeric.bbx
File: numeric.bbx 2024/03/21 v3.20 biblatex bibliography style (PK/MW)
Package biblatex Info: Trying to load bibliography style 'standard'...
Package biblatex Info: ... file 'standard.bbx' found.

(d:/my_app/texlive/2025/texmf-dist/tex/latex/biblatex/bbx/standard.bbx
File: standard.bbx 2024/03/21 v3.20 biblatex bibliography style (PK/MW)
\c@bbx:relatedcount=\count489
\c@bbx:relatedtotal=\count490
)))
(d:/my_app/texlive/2025/texmf-dist/tex/generic/xstring/xstring.sty
(d:/my_app/texlive/2025/texmf-dist/tex/generic/xstring/xstring.tex
\xs_counta=\count491
\xs_countb=\count492
)
Package: xstring 2023/08/22 v1.86 String manipulations (CT)
)
\BracketLift=\skip142
\footbibmargin=\skip143
\footbiblabelsep=\skip144
\c@gbnamefmtcase=\count493
\c@gbalignlabel=\count494
\c@gbcitelocalcase=\count495
\c@gbbiblocalcase=\count496
\c@lanordernum=\count497
\bibitemindent=\skip145
\biblabelextend=\skip146
Package biblatex Info: Delimiter 'finalnamedelim' in context '' already defined
, overwriting.
)
Package biblatex Info: Trying to load citation style 'gb7714-2015'...
Package biblatex Info: ... file 'gb7714-2015.cbx' found.

(d:/my_app/texlive/2025/texmf-dist/tex/latex/biblatex-gb7714-2015/gb7714-2015.c
bx
File: gb7714-2015.cbx a biblatex citation style for GB/T 7714-2015
Package biblatex Info: Trying to load citation style 'numeric-comp'...
Package biblatex Info: ... file 'numeric-comp.cbx' found.
 (d:/my_app/texlive/2025/texmf-dist/tex/latex/biblatex/cbx/numeric-comp.cbx
File: numeric-comp.cbx 2024/03/21 v3.20 biblatex citation style (PK/MW)
\c@cbx@tempcnta=\count498
\c@cbx@tempcntb=\count499
\c@cbx@tempcntc=\count500
\c@cbx@tempcntd=\count501
Package biblatex Info: Redefining '\cite'.
Package biblatex Info: Redefining '\parencite'.
Package biblatex Info: Redefining '\footcite'.
Package biblatex Info: Redefining '\footcitetext'.
Package biblatex Info: Redefining '\smartcite'.
Package biblatex Info: Redefining '\supercite'.
Package biblatex Info: Redefining '\textcite'.
Package biblatex Info: Redefining '\textcites'.
Package biblatex Info: Redefining '\cites'.
Package biblatex Info: Redefining '\parencites'.
Package biblatex Info: Redefining '\smartcites'.
)
\c@gbrefcompress=\count502
Package biblatex Info: Redefining '\cite'.
Package biblatex Info: Redefining '\parencite'.
Package biblatex Info: Redefining '\cbx@textcite'.
)
Package biblatex Info: Trying to load configuration file...
Package biblatex Info: ... file 'biblatex.cfg' found.
(d:/my_app/texlive/2025/texmf-dist/tex/latex/biblatex/biblatex.cfg
File: biblatex.cfg 
)
Package biblatex Info: XeTeX detected.
(biblatex)             Assuming input encoding 'utf8'.
Package biblatex Info: Document encoding is UTF8 ....
Package biblatex Info: ... and expl3
(biblatex)             2025-01-18 L3 programming layer (loader) 
(biblatex)             is new enough (at least 2020/04/06),
(biblatex)             setting 'casechanger=expl3'.

(d:/my_app/texlive/2025/texmf-dist/tex/latex/biblatex/blx-case-expl3.sty
Package: blx-case-expl3 2024/03/21 v3.20 expl3 case changing code for biblatex
))
(d:/my_app/texlive/2025/texmf-dist/tex/latex/unicode-math/unicode-math.sty
Package: unicode-math 2023/08/13 v0.8r Unicode maths in XeLaTeX and LuaLaTeX

(d:/my_app/texlive/2025/texmf-dist/tex/latex/unicode-math/unicode-math-xetex.st
y
Package: unicode-math-xetex 2023/08/13 v0.8r Unicode maths in XeLaTeX and LuaLa
TeX
\g__um_fam_int=\count503
\g__um_fonts_used_int=\count504
\l__um_primecount_int=\count505
\g__um_primekern_muskip=\muskip23

(d:/my_app/texlive/2025/texmf-dist/tex/latex/unicode-math/unicode-math-table.te
x)))
Package hyperref Info: Option `psdextra' set `true' on input line 163.
 (d:/my_app/texlive/2025/texmf-dist/tex/latex/hyperref/psdextra.def
File: psdextra.def 2024-11-05 v7.01l Hyperref: Additions to PDF string support
)
LaTeX Font Info:    Encoding `OT1' has changed to `TU' for symbol font
(Font)              `operators' in the math version `normal' on input line 163.

LaTeX Font Info:    Overwriting symbol font `operators' in version `normal'
(Font)                  OT1/cmr/m/n --> TU/CambriaMath(1)/m/n on input line 163
.
LaTeX Font Info:    Encoding `OT1' has changed to `TU' for symbol font
(Font)              `operators' in the math version `bold' on input line 163.
LaTeX Font Info:    Overwriting symbol font `operators' in version `bold'
(Font)                  OT1/cmr/bx/n --> TU/CambriaMath(1)/b/n on input line 16
3.
LaTeX Font Info:    Encoding `OMS' has changed to `TU' for symbol font
(Font)              `symbols' in the math version `normal' on input line 163.
LaTeX Font Info:    Overwriting symbol font `symbols' in version `normal'
(Font)                  OMS/cmsy/m/n --> TU/CambriaMath(2)/m/n on input line 16
3.
LaTeX Font Info:    Encoding `OMS' has changed to `TU' for symbol font
(Font)              `symbols' in the math version `bold' on input line 163.
LaTeX Font Info:    Overwriting symbol font `symbols' in version `bold'
(Font)                  OMS/cmsy/b/n --> TU/CambriaMath(2)/b/n on input line 16
3.
LaTeX Font Info:    Encoding `OMX' has changed to `TU' for symbol font
(Font)              `largesymbols' in the math version `normal' on input line 1
63.
LaTeX Font Info:    Overwriting symbol font `largesymbols' in version `normal'
(Font)                  OMX/cmex/m/n --> TU/CambriaMath(3)/m/n on input line 16
3.
LaTeX Font Info:    Encoding `OMX' has changed to `TU' for symbol font
(Font)              `largesymbols' in the math version `bold' on input line 163
.
LaTeX Font Info:    Overwriting symbol font `largesymbols' in version `bold'
(Font)                  OMX/cmex/m/n --> TU/CambriaMath(3)/b/n on input line 16
3.

(d:/my_app/texlive/2025/texmf-dist/tex/latex/tabularray/tabularray.sty
Package: tabularray 2024-02-16 v2024A Typeset tabulars and arrays with LaTeX3
\l__tblr_a_int=\count506
\l__tblr_c_int=\count507
\l__tblr_r_int=\count508
\l__tblr_d_dim=\dimen295
\l__tblr_h_dim=\dimen296
\l__tblr_o_dim=\dimen297
\l__tblr_p_dim=\dimen298
\l__tblr_q_dim=\dimen299
\l__tblr_r_dim=\dimen300
\l__tblr_s_dim=\dimen301
\l__tblr_t_dim=\dimen302
\l__tblr_v_dim=\dimen303
\l__tblr_w_dim=\dimen304
\l__tblr_a_box=\box74
\l__tblr_b_box=\box75
\l__tblr_c_box=\box76
\l__tblr_d_box=\box77
\g__tblr_table_count_int=\count509
\c@rownum=\count510
\c@colnum=\count511
\c@rowcount=\count512
\c@colcount=\count513
\abovesep=\dimen305
\belowsep=\dimen306
\leftsep=\dimen307
\rightsep=\dimen308
\g_tblr_level_int=\count514
\g__tblr_data_row_key_count_int=\count515
\g__tblr_data_column_key_count_int=\count516
\g__tblr_data_cell_key_count_int=\count517
\g__tblr_array_int=\count518
\l__tblr_key_count_int=\count519
\l__tblr_key_quotient_int=\count520
\l__tblr_key_quotient_two_int=\count521
\l__tblr_key_remainder_int=\count522
\g__tblr_data_str_value_count_int=\count523
\rulewidth=\dimen309
\l__tblr_strut_dp_dim=\dimen310
\l__tblr_strut_ht_dim=\dimen311
\g__tblr_cell_wd_dim=\dimen312
\g__tblr_cell_ht_dim=\dimen313
\g__tblr_cell_head_dim=\dimen314
\g__tblr_cell_foot_dim=\dimen315
\l__column_target_dim=\dimen316
\l__tblr_caption_box=\box78
\l__tblr_caption_left_box=\box79
\l__tblr_row_head_box=\box80
\l__tblr_row_foot_box=\box81
\l__tblr_row_head_foot_dim=\dimen317
\tablewidth=\dimen318
\l__tblr_table_firsthead_box=\box82
\l__tblr_table_middlehead_box=\box83
\l__tblr_table_lasthead_box=\box84
\l__tblr_table_firstfoot_box=\box85
\l__tblr_table_middlefoot_box=\box86
\l__tblr_table_lastfoot_box=\box87
\l__tblr_remain_height_dim=\dimen319
\l__tblr_long_from_int=\count524
\l__tblr_long_to_int=\count525
\l__tblr_curr_i_int=\count526
\l__tblr_prev_i_int=\count527
\l__tblr_table_page_int=\count528
\l__tblr_table_head_box=\box88
\l__tblr_table_foot_box=\box89
\l__tblr_table_head_foot_dim=\dimen320
\l__tblr_table_head_body_foot_dim=\dimen321
\l__tblr_table_box=\box90
\l__tblr_table_hlines_box=\box91
\l__tblr_hline_box=\box92
\l__tblr_row_box=\box93
\l__tblr_col_o_wd_dim=\dimen322
\l__tblr_col_b_wd_dim=\dimen323
\l__tblr_hline_leftskip_dim=\dimen324
\l__tblr_hline_rightskip_dim=\dimen325
\l__tblr_row_ht_dim=\dimen326
\l__tblr_row_dp_dim=\dimen327
\l__tblr_row_abovesep_dim=\dimen328
\l__tblr_row_belowsep_dim=\dimen329
\l__tblr_row_vlines_box=\box94
\l__tblr_vline_box=\box95
\l__tblr_cell_box=\box96
\l__row_upper_dim=\dimen330
\l__row_lower_dim=\dimen331
\l__row_vpace_dim=\dimen332
\l__tblr_vline_aboveskip_dim=\dimen333
\l__tblr_vline_belowskip_dim=\dimen334
\l__tblr_cell_wd_dim=\dimen335
\l__tblr_cell_ht_dim=\dimen336
\l__tblr_diag_box=\box97
)
(d:/my_app/texlive/2025/texmf-dist/tex/latex/functional/functional.sty
Package: functional 2024-12-18 v2024C 
Intuitive Functional Programming Interface for LaTeX2
\l__fun_arg_count_int=\count529
\l__fun_cond_arg_count_int=\count530
\g__fun_nesting_level_int=\count531
\g__fun_argtype_index_1_int=\count532
\g__fun_argtype_index_2_int=\count533
\g__fun_argtype_index_3_int=\count534
\g__fun_argtype_index_4_int=\count535
\g__fun_argtype_index_5_int=\count536
\l__fun_return_level_int=\count537
\lTmpaInt=\count538
\lTmpbInt=\count539
\lTmpcInt=\count540
\lTmpiInt=\count541
\lTmpjInt=\count542
\lTmpkInt=\count543
\l@FunTmpxInt=\count544
\l@FunTmpyInt=\count545
\l@FunTmpzInt=\count546
\gTmpaInt=\count547
\gTmpbInt=\count548
\gTmpcInt=\count549
\gTmpiInt=\count550
\gTmpjInt=\count551
\gTmpkInt=\count552
\g@FunTmpxInt=\count553
\g@FunTmpyInt=\count554
\g@FunTmpzInt=\count555
\lTmpaDim=\dimen337
\lTmpbDim=\dimen338
\lTmpcDim=\dimen339
\lTmpiDim=\dimen340
\lTmpjDim=\dimen341
\lTmpkDim=\dimen342
\l@FunTmpxDim=\dimen343
\l@FunTmpyDim=\dimen344
\l@FunTmpzDim=\dimen345
\gTmpaDim=\dimen346
\gTmpbDim=\dimen347
\gTmpcDim=\dimen348
\gTmpiDim=\dimen349
\gTmpjDim=\dimen350
\gTmpkDim=\dimen351
\g@FunTmpxDim=\dimen352
\g@FunTmpyDim=\dimen353
\g@FunTmpzDim=\dimen354
)
\l__xdu_bio_indent_dim=\dimen355
\l__xdu_bio_indent_box=\box98
\@quotelevel=\count556
\@quotereset=\count557

(./xdupgthesis_template_lc.aux)
\openout1 = `xdupgthesis_template_lc.aux'.

LaTeX Font Info:    Checking defaults for OML/cmm/m/it on input line 163.
LaTeX Font Info:    ... okay on input line 163.
LaTeX Font Info:    Checking defaults for OMS/cmsy/m/n on input line 163.
LaTeX Font Info:    ... okay on input line 163.
LaTeX Font Info:    Checking defaults for OT1/cmr/m/n on input line 163.
LaTeX Font Info:    ... okay on input line 163.
LaTeX Font Info:    Checking defaults for T1/cmr/m/n on input line 163.
LaTeX Font Info:    ... okay on input line 163.
LaTeX Font Info:    Checking defaults for TS1/cmr/m/n on input line 163.
LaTeX Font Info:    ... okay on input line 163.
LaTeX Font Info:    Checking defaults for TU/lmr/m/n on input line 163.
LaTeX Font Info:    ... okay on input line 163.
LaTeX Font Info:    Checking defaults for OMX/cmex/m/n on input line 163.
LaTeX Font Info:    ... okay on input line 163.
LaTeX Font Info:    Checking defaults for U/cmr/m/n on input line 163.
LaTeX Font Info:    ... okay on input line 163.
LaTeX Font Info:    Checking defaults for PD1/pdf/m/n on input line 163.
LaTeX Font Info:    ... okay on input line 163.
LaTeX Font Info:    Checking defaults for PU/pdf/m/n on input line 163.
LaTeX Font Info:    ... okay on input line 163.

*geometry* driver: auto-detecting
*geometry* detected driver: xetex
*geometry* verbose mode - [ preamble ] result:
* driver: xetex
* paper: a4paper
* layout: <same size as paper>
* layoutoffset:(h,v)=(0.0pt,0.0pt)
* modes: twoside 
* h-part:(L,W,R)=(0.0pt, 597.50787pt, 0.0pt)
* v-part:(T,H,B)=(0.0pt, 845.04684pt, 0.0pt)
* \paperwidth=597.50787pt
* \paperheight=845.04684pt
* \textwidth=597.50787pt
* \textheight=845.04684pt
* \oddsidemargin=-72.26999pt
* \evensidemargin=-72.26999pt
* \topmargin=-104.14378pt
* \headheight=12.0pt
* \headsep=19.8738pt
* \topskip=12.0pt
* \footskip=30.0pt
* \marginparwidth=88.0pt
* \marginparsep=7.0pt
* \columnsep=10.0pt
* \skip\footins=10.8pt plus 4.0pt minus 2.0pt
* \hoffset=0.0pt
* \voffset=0.0pt
* \mag=1000
* \@twocolumnfalse
* \@twosidetrue
* \@mparswitchtrue
* \@reversemarginfalse
* (1in=72.27pt=25.4mm, 1cm=28.453pt)

Package caption Info: Begin \AtBeginDocument code.
Package caption Info: float package is loaded.
Package caption Info: hyperref package is loaded.
Package caption Info: threeparttable package is loaded.
Package caption Info: End \AtBeginDocument code.
Package hyperref Info: Link coloring OFF on input line 163.
(./xdupgthesis_template_lc.out) (./xdupgthesis_template_lc.out)
\@outlinefile=\write4
\openout4 = `xdupgthesis_template_lc.out'.

Package biblatex Info: Trying to load language 'english'...
Package biblatex Info: ... file 'english.lbx' found.

(d:/my_app/texlive/2025/texmf-dist/tex/latex/biblatex/lbx/english.lbx
File: english.lbx 2024/03/21 v3.20 biblatex localization (PK/MW)
)
Package biblatex Info: XeTeX detected.
(biblatex)             Assuming input encoding 'utf8'.
Package biblatex Info: Automatic encoding selection.
(biblatex)             Assuming data encoding 'utf8'.
\openout3 = `xdupgthesis_template_lc.bcf'.

Package biblatex Info: Trying to load bibliographic data...
Package biblatex Info: ... file 'xdupgthesis_template_lc.bbl' found.

(./xdupgthesis_template_lc.bbl)
Package biblatex Info: Reference section=0 on input line 163.
Package biblatex Info: Reference segment=0 on input line 163.
LaTeX Font Info:    Overwriting math alphabet `\mathrm' in version `normal'
(Font)                  TU/CambriaMath(1)/m/n --> TU/TimesNewRoman(0)/m/n on in
put line 163.
LaTeX Font Info:    Overwriting math alphabet `\mathit' in version `normal'
(Font)                  OT1/cmr/m/it --> TU/TimesNewRoman(0)/m/it on input line
 163.
LaTeX Font Info:    Overwriting math alphabet `\mathbf' in version `normal'
(Font)                  OT1/cmr/bx/n --> TU/TimesNewRoman(0)/b/n on input line 
163.
LaTeX Font Info:    Overwriting math alphabet `\mathsf' in version `normal'
(Font)                  OT1/cmss/m/n --> TU/Arial(0)/m/n on input line 163.
LaTeX Font Info:    Overwriting math alphabet `\mathsf' in version `bold'
(Font)                  OT1/cmss/bx/n --> TU/Arial(0)/b/n on input line 163.
LaTeX Font Info:    Overwriting math alphabet `\mathtt' in version `normal'
(Font)                  OT1/cmtt/m/n --> TU/Consolas(0)/m/n on input line 163.
LaTeX Font Info:    Overwriting math alphabet `\mathtt' in version `bold'
(Font)                  OT1/cmtt/m/n --> TU/Consolas(0)/b/n on input line 163.

(d:/my_app/texlive/2025/texmf-dist/tex/latex/ninecolors/ninecolors.sty
Package: ninecolors 2022-02-13 v2022D Select colors with proper color contrast
)
\l__xdu_cover_author_info_dim=\dimen356


[1






]

[2

]
Underfull \hbox (badness 10000) detected at line 163
\TU/SimSun(0)/b/n/10.53937 学 号
 []


Underfull \hbox (badness 10000) detected at line 163
\TU/SimSun(0)/b/n/10.53937 分 类 号
 []


Underfull \hbox (badness 10000) detected at line 163
\TU/SimSun(0)/b/n/10.53937 密 级
 []


Underfull \vbox (badness 10000) detected at line 163
 []

\l__xdu_zh_title_page_info_dim=\dimen357
\l__xdu_zh_title_page_info_skip_dim=\dimen358
\l__xdu_zh_title_page_info_extra_skip_dim=\dimen359

Overfull \hbox (108.08894pt too wide) in paragraph at lines 163--163
[] [] 
 []



[3]

[4

]
Underfull \vbox (badness 10000) detected at line 163
 []


Underfull \vbox (badness 10000) detected at line 163
 []



[5]

[6

]
Underfull \vbox (badness 10000) detected at line 163
 []


Underfull \vbox (badness 10000) detected at line 163
 []


Underfull \vbox (badness 10000) detected at line 163
 []


Overfull \vbox (11.10397pt too high) detected at line 163
 []



[7]

[8

] (./chapters/abstract-zh.tex)
\l__xdu_keywords_label_dim=\dimen360
\l__xdu_tmp_box=\box99


[1



]

[2

] (./chapters/abstract-en.tex

[3


])

[4]
\l__xdu_lof_label_dim=\dimen361
\l__xdu_lof_label_num_max_dim=\dimen362
 (./xdupgthesis_template_lc.lof)
\l__xdu_loft_label_num_dim=\dimen363
 (./xdupgthesis_template_lc.lof
LaTeX Font Info:    Font shape `TU/CambriaMath(2)/m/n' will be
(Font)              scaled to size 12.04628pt on input line 4.
LaTeX Font Info:    Font shape `TU/CambriaMath(2)/m/n' will be
(Font)              scaled to size 8.79378pt on input line 4.
LaTeX Font Info:    Font shape `TU/CambriaMath(2)/m/n' will be
(Font)              scaled to size 7.22777pt on input line 4.
LaTeX Font Info:    Font shape `TU/CambriaMath(3)/m/n' will be
(Font)              scaled to size 12.0437pt on input line 4.
LaTeX Font Info:    Font shape `TU/CambriaMath(3)/m/n' will be
(Font)              scaled to size 8.7919pt on input line 4.
LaTeX Font Info:    Font shape `TU/CambriaMath(3)/m/n' will be
(Font)              scaled to size 7.22623pt on input line 4.
LaTeX Font Info:    Trying to load font information for U+msa on input line 4.

(d:/my_app/texlive/2025/texmf-dist/tex/latex/amsfonts/umsa.fd
File: umsa.fd 2013/01/14 v3.01 AMS symbols A
)
LaTeX Font Info:    Trying to load font information for U+msb on input line 4.

(d:/my_app/texlive/2025/texmf-dist/tex/latex/amsfonts/umsb.fd
File: umsb.fd 2013/01/14 v3.01 AMS symbols B
)

[5



])
\tf@lof=\write5
\openout5 = `xdupgthesis_template_lc.lof'.



[6]
\l__xdu_lot_label_dim=\dimen364
\l__xdu_lot_label_num_max_dim=\dimen365
 (./xdupgthesis_template_lc.lot) (./xdupgthesis_template_lc.lot)
\tf@lot=\write6
\openout6 = `xdupgthesis_template_lc.lot'.



[7



]

[8

]
> Step: init table outer spec.
> Step: parse table options.
> Step: split table.
 (./chapters/los.tex)
> Step: init table inner spec.
> Step: parse table inner spec.
> Step: execute table commands.
> Step: do functional calculation.
> Step: calculate cell and line sizes.


LaTeX Font Warning: Font shape `TU/CambriaMath(1)/b/n' undefined
(Font)              using `TU/CambriaMath(1)/m/n' instead on input line 163.


LaTeX Font Warning: Font shape `TU/CambriaMath(2)/b/n' undefined
(Font)              using `TU/CambriaMath(2)/m/n' instead on input line 163.

LaTeX Font Info:    Font shape `TU/CambriaMath(2)/b/n' will be
(Font)              scaled to size 8.79378pt on input line 163.
LaTeX Font Info:    Font shape `TU/CambriaMath(2)/b/n' will be
(Font)              scaled to size 7.22777pt on input line 163.

LaTeX Font Warning: Font shape `TU/CambriaMath(3)/b/n' undefined
(Font)              using `TU/CambriaMath(3)/m/n' instead on input line 163.

LaTeX Font Info:    Font shape `TU/CambriaMath(3)/b/n' will be
(Font)              scaled to size 8.7919pt on input line 163.
LaTeX Font Info:    Font shape `TU/CambriaMath(3)/b/n' will be
(Font)              scaled to size 7.22623pt on input line 163.
LaTeX Font Info:    Font shape `TU/CambriaMath(2)/b/n' will be
(Font)              scaled to size 12.04628pt on input line 163.
LaTeX Font Info:    Font shape `TU/CambriaMath(3)/b/n' will be
(Font)              scaled to size 12.0437pt on input line 163.
> Step: build the whole table.


[9


]

[10]

[11]

[12]
> Step: init table outer spec.
> Step: parse table options.
> Step: split table.
 (./chapters/loa.tex)
> Step: init table inner spec.
> Step: parse table inner spec.
> Step: execute table commands.
> Step: do functional calculation.
> Step: calculate cell and line sizes.
> Step: build the whole table.


[13


]

[14

] (./xdupgthesis_template_lc.toc
LaTeX Font Info:    Font shape `TU/CambriaMath(2)/m/n' will be
(Font)              scaled to size 14.05399pt on input line 1.
LaTeX Font Info:    Font shape `TU/CambriaMath(2)/m/n' will be
(Font)              scaled to size 10.54048pt on input line 1.
LaTeX Font Info:    Font shape `TU/CambriaMath(2)/m/n' will be
(Font)              scaled to size 7.52892pt on input line 1.
LaTeX Font Info:    Font shape `TU/CambriaMath(3)/m/n' will be
(Font)              scaled to size 14.05098pt on input line 1.
LaTeX Font Info:    Font shape `TU/CambriaMath(3)/m/n' will be
(Font)              scaled to size 10.53824pt on input line 1.
LaTeX Font Info:    Font shape `TU/CambriaMath(3)/m/n' will be
(Font)              scaled to size 7.52731pt on input line 1.


[15

])
\tf@toc=\write7
\openout7 = `xdupgthesis_template_lc.toc'.



[16]
第一章


[1



]

[2]

[3]

[4]

[5]

[6]

[7]

[8

]
第二章


[9]
File: images/fig_mag_disturbance.png Graphic file (type bmp)
<images/fig_mag_disturbance.png>


[10]
File: images/fig_mag_drift_schematic_tail.png Graphic file (type bmp)
<images/fig_mag_drift_schematic_tail.png>


[11]
File: images/fig_diff_smooth.png Graphic file (type bmp)
<images/fig_diff_smooth.png>


[12]

[13]
File: images/fig_p_car_example.png Graphic file (type bmp)
<images/fig_p_car_example.png>
File: images/fig_fsm.png Graphic file (type bmp)
<images/fig_fsm.png>


[14]
File: images/fig_param_basis_threshold.png Graphic file (type bmp)
<images/fig_param_basis_threshold.png>


[15]
File: images/fig_param_basis_counts.png Graphic file (type bmp)
<images/fig_param_basis_counts.png>
LaTeX Font Info:    Font shape `TU/CambriaMath(2)/m/n' will be
(Font)              scaled to size 7.00075pt on input line 575.
LaTeX Font Info:    Font shape `TU/CambriaMath(2)/m/n' will be
(Font)              scaled to size 5.00053pt on input line 575.
LaTeX Font Info:    Font shape `TU/CambriaMath(3)/m/n' will be
(Font)              scaled to size 6.99925pt on input line 575.
LaTeX Font Info:    Font shape `TU/CambriaMath(3)/m/n' will be
(Font)              scaled to size 4.99947pt on input line 575.


[16]
File: images/fig_module_photo.png Graphic file (type bmp)
<images/fig_module_photo.png>


[17]
File: images/fig_platform_arch.png Graphic file (type bmp)
<images/fig_platform_arch.png>


[18]
File: images/fig_platform_ui_newui.png Graphic file (type bmp)
<images/fig_platform_ui_newui.png>


[19]

[20]

[21]

[22]
第三章


[23

]

[24]

[25]
File: images/ch3_baseline_flow.png Graphic file (type bmp)
<images/ch3_baseline_flow.png>
File: images/ch3_feature_explain.png Graphic file (type bmp)
<images/ch3_feature_explain.png>


[26]

[27]

[28]
File: images/ch3_feature_importance_authoritative.png Graphic file (type bmp)
<images/ch3_feature_importance_authoritative.png>


[29]

[30]

[31]
File: images/fig_motivation_speed_same_vehicle.png Graphic file (type bmp)
<images/fig_motivation_speed_same_vehicle.png>
File: images/fig_motivation_dtw_align_z.png Graphic file (type bmp)
<images/fig_motivation_dtw_align_z.png>


[32]

[33]

[34]

[35]

[36]

[37]
File: images/ch3_scene_setup_b.png Graphic file (type bmp)
<images/ch3_scene_setup_b.png>
File: images/ch3_scene_setup_a.png Graphic file (type bmp)
<images/ch3_scene_setup_a.png>
 (./tables/ch3_dataset_stats_rows.tex)

[38] (./tables/ch3_dataset_split_rows.tex)
File: images/ch3_waveform_by_class.png Graphic file (type bmp)
<images/ch3_waveform_by_class.png>
File: images/ch3_event_length_boxplot.png Graphic file (type bmp)
<images/ch3_event_length_boxplot.png>
File: images/ch3_mag_energy_boxplot.png Graphic file (type bmp)
<images/ch3_mag_energy_boxplot.png>


[39]

[40]
File: images/ablation_edge_K.png Graphic file (type bmp)
<images/ablation_edge_K.png>


[41]
File: images/ablation_K.png Graphic file (type bmp)
<images/ablation_K.png>
File: images/ch3_cnn_training_curve.png Graphic file (type bmp)
<images/ch3_cnn_training_curve.png>


[42]
Overfull \hbox (4.78844pt too wide) in paragraph at lines 1362--1362
 []|[]| 
 []



[43]
File: images/cm_cnn_baseline.png Graphic file (type bmp)
<images/cm_cnn_baseline.png>
File: images/cm_dtw_multi_cnn.png Graphic file (type bmp)
<images/cm_dtw_multi_cnn.png>


[44]
Overfull \hbox (1.94342pt too wide) in paragraph at lines 1446--1446
 []|[]| 
 []

(./tables/ch3_ablation_clsmin_template_rows.tex)
Overfull \hbox (4.78844pt too wide) in paragraph at lines 1465--1465
 []|[]| 
 []

(./tables/ch3_ablation_rep_rows.tex)

[45]

[46]

[47]

[48

]
第四章


[49]
File: images/ch4_scene_overview.png Graphic file (type bmp)
<images/ch4_scene_overview.png>


[50]
File: images/ch4_pass_vs_park_toptrim.png Graphic file (type bmp)
<images/ch4_pass_vs_park_toptrim.png>


[51]
File: images/ch4_pipeline.png Graphic file (type bmp)
<images/ch4_pipeline.png>


[52]

[53]
File: images/ch4_stability_demo.png Graphic file (type bmp)
<images/ch4_stability_demo.png>


[54]

[55]
File: images/ch4_fsm_degrade.png Graphic file (type bmp)
<images/ch4_fsm_degrade.png>


[56]

[57]

[58]

[59]
File: images/ch4_param_scan_tseek.png Graphic file (type bmp)
<images/ch4_param_scan_tseek.png>


[60]
File: images/ch4_scene_photo.png Graphic file (type bmp)
<images/ch4_scene_photo.png>


[61]
File: images/ch4_wave_a_new.png Graphic file (type bmp)
<images/ch4_wave_a_new.png>
File: images/ch4_wave_b_new.png Graphic file (type bmp)
<images/ch4_wave_b_new.png>


[62]
File: images/ch4_wave_c_new.png Graphic file (type bmp)
<images/ch4_wave_c_new.png>
File: images/ch4_wave_d_new_cropped.png Graphic file (type bmp)
<images/ch4_wave_d_new_cropped.png>


[63] (./tables/ch4_dataset_rows.tex)

[64]

[65]
File: images/ch4_baseline_cmp_f1.png Graphic file (type bmp)
<images/ch4_baseline_cmp_f1.png>


[66]

[67]
File: images/ch4_C_seek_ratio.png Graphic file (type bmp)
<images/ch4_C_seek_ratio.png>


[68]

[69]

[70]
第五章


[71

] (./chapters/appendix1.tex)

[72]

[73


]

[74]

[75]

[76] (./chapters/acknowledgements.tex

[77


])

[78] (./chapters/biography.tex
\l__blind_bio_indent_dim=\dimen366
\l__blind_bio_label_dim=\dimen367
\l__blind_bio_labelsep_dim=\dimen368


[79


])

[80] (./xdupgthesis_template_lc.aux)
 ***********
LaTeX2e <2024-11-01> patch level 2
L3 programming layer <2022/08/05>
 ***********


LaTeX Font Warning: Some font shapes were not available, defaults substituted.

Package rerunfilecheck Info: File `xdupgthesis_template_lc.out' has not changed
.
(rerunfilecheck)             Checksum: 61C5FD6F07D655A1BD1DAEE1D5416C36;9611.
Package logreq Info: Writing requests to 'xdupgthesis_template_lc.run.xml'.
\openout1 = `xdupgthesis_template_lc.run.xml'.

 ) 
Here is how much of TeX's memory you used:
 40967 strings out of 473832
 872506 string characters out of 5729946
 1996725 words of memory out of 5000000
 63430 multiletter control sequences out of 15000+600000
 576507 words of font info for 194 fonts, out of 8000000 for 9000
 1348 hyphenation exceptions out of 8191
 107i,13n,111p,3256b,6657s stack positions out of 10000i,1000n,20000p,200000b,200000s

Output written on xdupgthesis_template_lc.xdv (104 pages, 1613328 bytes).
