\BOOKMARK [0][-]{section*.1}{\376\377\144\130\211\201}{}% 1
\BOOKMARK [0][-]{section*.3}{\376\377\000A\000B\000S\000T\000R\000A\000C\000T}{}% 2
\BOOKMARK [0][-]{section*.5}{\376\377\143\322\126\376\175\042\137\025}{}% 3
\BOOKMARK [0][-]{section*.7}{\376\377\210\150\150\074\175\042\137\025}{}% 4
\BOOKMARK [0][-]{section*.9}{\376\377\173\046\123\367\133\371\161\147\210\150}{}% 5
\BOOKMARK [0][-]{section*.11}{\376\377\177\051\165\145\213\355\133\371\161\147\210\150}{}% 6
\BOOKMARK [0][-]{目录.0}{\376\377\166\356\137\125}{}% 7
\BOOKMARK [0][-]{chapter.1}{\376\377\173\054\116\000\172\340\000\040\000\040\176\352\213\272}{}% 8
\BOOKMARK [1][-]{section.1.1}{\376\377\0001\000.\0001\000\040\170\024\172\166\200\314\146\157\123\312\170\024\172\166\141\017\116\111}{chapter.1}% 9
\BOOKMARK [1][-]{section.1.2}{\376\377\0001\000.\0002\000\040\126\375\121\205\131\026\170\024\172\166\163\260\162\266}{chapter.1}% 10
\BOOKMARK [2][-]{subsection.1.2.1}{\376\377\0001\000.\0002\000.\0001\000\040\123\125\127\060\170\301\217\146\217\206\116\213\116\366\150\300\155\113\170\024\172\166\163\260\162\266}{section.1.2}% 11
\BOOKMARK [2][-]{subsection.1.2.2}{\376\377\0001\000.\0002\000.\0002\000\040\123\125\127\060\170\301\217\146\127\213\122\006\174\173\170\024\172\166\163\260\162\266}{section.1.2}% 12
\BOOKMARK [2][-]{subsection.1.2.3}{\376\377\0001\000.\0002\000.\0003\000\040\123\125\127\060\170\301\120\134\217\146\116\016\123\140\165\050\150\300\155\113\170\024\172\166\163\260\162\266}{section.1.2}% 13
\BOOKMARK [1][-]{section.1.3}{\376\377\0001\000.\0003\000\040\170\024\172\166\121\205\133\271\123\312\172\340\202\202\133\211\143\222}{chapter.1}% 14
\BOOKMARK [2][-]{subsection.1.3.1}{\376\377\0001\000.\0003\000.\0001\000\040\170\024\172\166\121\205\133\271}{section.1.3}% 15
\BOOKMARK [2][-]{subsection.1.3.2}{\376\377\0001\000.\0003\000.\0002\000\040\172\340\202\202\133\211\143\222}{section.1.3}% 16
\BOOKMARK [0][-]{chapter.2}{\376\377\173\054\116\214\172\340\000\040\000\040\127\060\170\301\217\146\217\206\116\213\116\366\150\300\155\113\123\237\164\006\116\016\174\373\176\337\213\276\213\241}{}% 17
\BOOKMARK [1][-]{section.2.1}{\376\377\0002\000.\0001\000\040\137\025\212\000}{chapter.2}% 18
\BOOKMARK [1][-]{section.2.2}{\376\377\0002\000.\0002\000\040\127\060\170\301\217\146\217\206\150\300\155\113\127\372\147\054\123\237\164\006}{chapter.2}% 19
\BOOKMARK [2][-]{subsection.2.2.1}{\376\377\0002\000.\0002\000.\0001\000\040\217\146\217\206\150\300\155\113\173\227\154\325\127\372\147\054\123\237\164\006}{section.2.2}% 20
\BOOKMARK [2][-]{subsection.2.2.2}{\376\377\0002\000.\0002\000.\0002\000\040\127\372\116\216\116\000\226\066\135\356\122\006\166\204\162\266\140\001\147\072\217\146\217\206\150\300\155\113\173\227\154\325}{section.2.2}% 21
\BOOKMARK [1][-]{section.2.3}{\376\377\0002\000.\0003\000\040\127\060\170\301\217\146\217\206\150\300\155\113\174\373\176\337}{chapter.2}% 22
\BOOKMARK [2][-]{subsection.2.3.1}{\376\377\0002\000.\0003\000.\0001\000\040\127\060\170\301\217\146\217\206\150\300\155\113\152\041\127\127}{section.2.3}% 23
\BOOKMARK [2][-]{subsection.2.3.2}{\376\377\0002\000.\0003\000.\0002\000\040\217\146\217\206\117\341\140\157\150\300\155\113\136\163\123\360}{section.2.3}% 24
\BOOKMARK [2][-]{subsection.2.3.3}{\376\377\0002\000.\0003\000.\0003\000\040\116\213\116\366\176\247\116\012\117\040\116\016\220\032\117\341\137\000\225\000\122\006\147\220}{section.2.3}% 25
\BOOKMARK [2][-]{subsection.2.3.4}{\376\377\0002\000.\0003\000.\0004\000\040\116\213\116\366\176\247\217\223\121\372\116\016\116\012\134\102\116\373\122\241\143\245\123\343\121\163\174\373}{section.2.3}% 26
\BOOKMARK [1][-]{section.2.4}{\376\377\0002\000.\0004\000\040\147\054\172\340\134\017\176\323}{chapter.2}% 27
\BOOKMARK [0][-]{chapter.3}{\376\377\173\054\116\011\172\340\000\040\000\040\127\372\116\216\123\125\127\060\170\301\117\040\141\037\126\150\166\204\217\146\127\213\122\006\174\173\145\271\154\325}{}% 28
\BOOKMARK [1][-]{section.3.1}{\376\377\0003\000.\0001\000\040\137\025\212\000}{chapter.3}% 29
\BOOKMARK [1][-]{section.3.2}{\376\377\0003\000.\0002\000\040\217\146\127\213\122\006\174\173\116\373\122\241\133\232\116\111\116\016\150\067\147\054\210\150\171\072}{chapter.3}% 30
\BOOKMARK [2][-]{subsection.3.2.1}{\376\377\0003\000.\0002\000.\0001\000\040\150\007\173\176\133\232\116\111\116\016\150\007\154\350\123\343\137\204}{section.3.2}% 31
\BOOKMARK [2][-]{subsection.3.2.2}{\376\377\0003\000.\0002\000.\0002\000\040\116\213\116\366\176\247\150\067\147\054\116\016\217\223\121\145\210\150\171\072}{section.3.2}% 32
\BOOKMARK [1][-]{section.3.3}{\376\377\0003\000.\0003\000\040\172\357\117\247\217\173\221\317\217\146\127\213\122\006\174\173\145\271\154\325}{chapter.3}% 33
\BOOKMARK [2][-]{subsection.3.3.1}{\376\377\0003\000.\0003\000.\0001\000\040\120\031\220\011\176\337\213\241\162\171\137\201\147\204\220\040\116\016\173\133\220\011}{section.3.3}% 34
\BOOKMARK [2][-]{subsection.3.3.2}{\376\377\0003\000.\0003\000.\0002\000\040\217\173\221\317\122\006\174\173\126\150\213\276\213\241}{section.3.3}% 35
\BOOKMARK [1][-]{section.3.4}{\376\377\0003\000.\0004\000\040\127\372\116\216\145\366\225\364\211\304\145\164\166\204\171\273\176\277\130\236\137\072\122\006\174\173\145\271\154\325}{chapter.3}% 36
\BOOKMARK [2][-]{subsection.3.4.1}{\376\377\0003\000.\0004\000.\0001\000\040\217\146\220\037\123\330\123\026\116\016\176\277\140\047\133\232\225\177\123\167\171\357\177\121\176\334\127\372\176\277}{section.3.4}% 37
\BOOKMARK [2][-]{subsection.3.4.2}{\376\377\0003\000.\0004\000.\0002\000\040\127\372\116\216\122\250\140\001\145\366\225\364\211\304\145\164\166\204\133\371\237\120\130\236\137\072\145\271\154\325}{section.3.4}% 38
\BOOKMARK [1][-]{section.3.5}{\376\377\0003\000.\0005\000\040\133\236\232\214\176\323\147\234\116\016\122\006\147\220}{chapter.3}% 39
\BOOKMARK [2][-]{subsection.3.5.1}{\376\377\0003\000.\0005\000.\0001\000\040\133\236\232\214\127\072\146\157\060\001\145\160\143\156\226\306\116\016\213\304\116\367\143\007\150\007}{section.3.5}% 40
\BOOKMARK [2][-]{subsection.3.5.2}{\376\377\0003\000.\0005\000.\0002\000\040\123\302\145\160\220\011\142\351\116\016\133\236\232\214\213\276\177\156}{section.3.5}% 41
\BOOKMARK [2][-]{subsection.3.5.3}{\376\377\0003\000.\0005\000.\0003\000\040\140\073\117\123\176\323\147\234\122\006\147\220}{section.3.5}% 42
\BOOKMARK [2][-]{subsection.3.5.4}{\376\377\0003\000.\0005\000.\0004\000\040\155\210\207\215\133\236\232\214\116\016\213\250\213\272}{section.3.5}% 43
\BOOKMARK [1][-]{section.3.6}{\376\377\0003\000.\0006\000\040\147\054\172\340\134\017\176\323}{chapter.3}% 44
\BOOKMARK [0][-]{chapter.4}{\376\377\173\054\126\333\172\340\000\040\000\040\127\372\116\216\117\341\123\367\172\063\133\232\160\271\166\204\220\123\215\357\120\134\217\146\116\016\123\140\165\050\150\300\155\113\145\271\154\325}{}% 45
\BOOKMARK [1][-]{section.4.1}{\376\377\0004\000.\0001\000\040\137\025\212\000}{chapter.4}% 46
\BOOKMARK [1][-]{section.4.2}{\376\377\0004\000.\0002\000\040\127\072\146\157\133\232\116\111\116\016\117\341\123\367\162\171\140\047}{chapter.4}% 47
\BOOKMARK [2][-]{subsection.4.2.1}{\376\377\0004\000.\0002\000.\0001\000\040\127\072\146\157\162\171\140\047\116\016\117\341\123\367\122\006\147\220}{section.4.2}% 48
\BOOKMARK [2][-]{subsection.4.2.2}{\376\377\0004\000.\0002\000.\0002\000\040\116\373\122\241\133\232\116\111\116\016\162\266\140\001\123\343\137\204}{section.4.2}% 49
\BOOKMARK [1][-]{section.4.3}{\376\377\0004\000.\0003\000\040\127\372\116\216\172\063\133\232\160\271\166\204\120\134\217\146\116\016\123\140\165\050\122\044\133\232\145\271\154\325}{chapter.4}% 50
\BOOKMARK [2][-]{subsection.4.3.1}{\376\377\0004\000.\0003\000.\0001\000\040\172\063\133\232\172\227\122\044\133\232\116\016\172\063\133\232\160\271\143\320\123\326}{section.4.3}% 51
\BOOKMARK [2][-]{subsection.4.3.2}{\376\377\0004\000.\0003\000.\0002\000\040\122\250\140\001\123\302\200\003\116\016\162\266\140\001\122\044\133\232\147\072\122\066}{section.4.3}% 52
\BOOKMARK [1][-]{section.4.4}{\376\377\0004\000.\0004\000\040\234\201\150\322\140\047\173\126\165\145\116\016\123\302\145\160\170\156\133\232}{chapter.4}% 53
\BOOKMARK [2][-]{subsection.4.4.1}{\376\377\0004\000.\0004\000.\0001\000\040\157\002\171\373\142\221\122\066\060\001\117\052\172\063\140\001\142\221\122\066\116\016\217\336\176\355\217\146\155\101\131\004\164\006}{section.4.4}% 54
\BOOKMARK [2][-]{subsection.4.4.2}{\376\377\0004\000.\0004\000.\0002\000\040\123\302\145\160\170\156\133\232\116\016\121\150\134\100\221\115\177\156}{section.4.4}% 55
\BOOKMARK [1][-]{section.4.5}{\376\377\0004\000.\0005\000\040\133\236\232\214\176\323\147\234\116\016\122\006\147\220}{chapter.4}% 56
\BOOKMARK [2][-]{subsection.4.5.1}{\376\377\0004\000.\0005\000.\0001\000\040\133\236\232\214\127\072\146\157\060\001\135\345\121\265\122\006\176\304\116\016\213\304\116\367\143\007\150\007}{section.4.5}% 57
\BOOKMARK [2][-]{subsection.4.5.2}{\376\377\0004\000.\0005\000.\0002\000\040\133\371\153\324\176\323\147\234\122\006\147\220}{section.4.5}% 58
\BOOKMARK [2][-]{subsection.4.5.3}{\376\377\0004\000.\0005\000.\0003\000\040\155\210\207\215\133\236\232\214\116\016\176\323\147\234\213\250\213\272}{section.4.5}% 59
\BOOKMARK [1][-]{section.4.6}{\376\377\0004\000.\0006\000\040\147\054\172\340\134\017\176\323}{chapter.4}% 60
\BOOKMARK [0][-]{chapter.5}{\376\377\173\054\116\224\172\340\000\040\000\040\140\073\176\323\116\016\134\125\147\033}{}% 61
\BOOKMARK [0][-]{section*.68}{\376\377\123\302\200\003\145\207\163\056}{}% 62
\BOOKMARK [0][-]{section*.70}{\376\377\201\364\214\042}{}% 63
\BOOKMARK [0][-]{section*.72}{\376\377\117\134\200\005\173\200\116\313}{}% 64
